<?xml version="1.0" encoding="UTF-8"?>
<!-- Generated by org.testng.reporters.JUnitReportReporter -->
<testsuite skipped="0" hostname="anita-ThinkPad-E480" name="seleniumtest.TestingSeleniumJenkins" tests="1" failures="0" timestamp="2019-09-05T18:29:15 IST" time="14.258" errors="0">
  <testcase name="test" time="14.258" classname="seleniumtest.TestingSeleniumJenkins"/>
</testsuite> <!-- seleniumtest.TestingSeleniumJenkins -->
